<?xml version="1.0" encoding="UTF-8"?>
<!-- Generated by org.testng.reporters.JUnitReportReporter -->
<testsuite hostname="KHI-BM-6-34" failures="0" tests="6" name="com.automation.Desktop.TestCases.BolwalaCompleteFlowClass" time="33.008" errors="0" timestamp="03 May 2018 12:50:47 GMT" skipped="0">
  <testcase classname="com.automation.Desktop.TestCases.BolwalaCompleteFlowClass" name="Test02_Click_CreateAnAccount_To_Redirect" time="5.397"/>
  <testcase classname="com.automation.Desktop.TestCases.BolwalaCompleteFlowClass" name="Test01_Verify_Bolwala_Title" time="0.029"/>
  <testcase classname="com.automation.Desktop.TestCases.BolwalaCompleteFlowClass" name="Test03_Fill_The_Form" time="5.896"/>
  <testcase classname="com.automation.Desktop.TestCases.BolwalaCompleteFlowClass" name="Test06_Verify_User_Pin_Code" time="0.045"/>
  <testcase classname="com.automation.Desktop.TestCases.BolwalaCompleteFlowClass" name="Test04_Submit_The_Form" time="15.094"/>
  <testcase classname="com.automation.Desktop.TestCases.BolwalaCompleteFlowClass" name="Test05_Redirect_To_My_Account" time="6.547"/>
</testsuite> <!-- com.automation.Desktop.TestCases.BolwalaCompleteFlowClass -->
